----------------------------------------------------------
new log session
date:				06/13/16
time:				16:31:13
----------------------------------------------------------
STVP_CmdLine version 1.6

Verbose ON
Log activity ON
Display Progress OFF
Message box warning if protect option byte ON
Loop mode ON
Erase device OFF
Blank check device OFF
Verify device ON

Configuration:
BoardName=ST-LINK ST-LINK_ID=0 Device=STM8S105x6 Port=USB ProgMode=SWIM

>>> Filling PROGRAM MEMORY image in computer with Blank Value
<<< Filling PROGRAM MEMORY image in computer succeeds

>>> Loading file C:\Users\Fabien\Desktop\test_stm8_iar\STM8S105C6-Board.hex in PROGRAM MEMORY image in computer
<<< Loading file succeeds

>>> Programming PROGRAM MEMORY
<<< Programming PROGRAM MEMORY succeeds

>>> Verifying PROGRAM MEMORY
<<< Verifying PROGRAM MEMORY succeeds
----------------------------------------------------------
new log session
date:				06/13/16
time:				16:32:25
----------------------------------------------------------
STVP_CmdLine version 1.6

Verbose ON
Log activity ON
Display Progress OFF
Message box warning if protect option byte ON
Loop mode ON
Erase device OFF
Blank check device OFF
Verify device ON

Configuration:
BoardName=ST-LINK ST-LINK_ID=0 Device=STM8S105x6 Port=USB ProgMode=SWIM

>>> Filling PROGRAM MEMORY image in computer with Blank Value
<<< Filling PROGRAM MEMORY image in computer succeeds

>>> Loading file C:\Users\Fabien\Desktop\test_stm8_iar\STM8S105C6-Board.hex in PROGRAM MEMORY image in computer
<<< Loading file succeeds

>>> Programming PROGRAM MEMORY
<<< Programming PROGRAM MEMORY succeeds

>>> Verifying PROGRAM MEMORY
<<< Verifying PROGRAM MEMORY succeeds

>>> Programming PROGRAM MEMORY
<<< Programming PROGRAM MEMORY succeeds

>>> Verifying PROGRAM MEMORY
<<< Verifying PROGRAM MEMORY succeeds

>>> Programming PROGRAM MEMORY
<<< Programming PROGRAM MEMORY succeeds

>>> Verifying PROGRAM MEMORY
<<< Verifying PROGRAM MEMORY succeeds

>>> Programming PROGRAM MEMORY
<<< Programming PROGRAM MEMORY succeeds

>>> Verifying PROGRAM MEMORY
<<< Verifying PROGRAM MEMORY succeeds
----------------------------------------------------------
new log session
date:				06/13/16
time:				16:32:53
----------------------------------------------------------
STVP_CmdLine version 1.6

Verbose ON
Log activity ON
Display Progress OFF
Message box warning if protect option byte ON
Loop mode OFF
Erase device OFF
Blank check device OFF
Verify device ON

Configuration:
BoardName=ST-LINK ST-LINK_ID=0 Device=STM8S105x6 Port=USB ProgMode=SWIM

>>> Filling PROGRAM MEMORY image in computer with Blank Value
<<< Filling PROGRAM MEMORY image in computer succeeds

>>> Loading file C:\Users\Fabien\Desktop\test_stm8_iar\STM8S105C6-Board.hex in PROGRAM MEMORY image in computer
<<< Loading file succeeds

>>> Programming PROGRAM MEMORY
<<< Programming PROGRAM MEMORY succeeds

>>> Verifying PROGRAM MEMORY
<<< Verifying PROGRAM MEMORY succeeds
----------------------------------------------------------
new log session
date:				06/13/16
time:				16:33:08
----------------------------------------------------------
STVP_CmdLine version 1.6

Verbose OFF
Log activity ON
Display Progress OFF
Message box warning if protect option byte ON
Loop mode OFF
Erase device OFF
Blank check device OFF
Verify device ON

Configuration:
BoardName=ST-LINK ST-LINK_ID=0 Device=STM8S105x6 Port=USB ProgMode=SWIM

>>> Filling PROGRAM MEMORY image in computer with Blank Value
<<< Filling PROGRAM MEMORY image in computer succeeds

>>> Loading file C:\Users\Fabien\Desktop\test_stm8_iar\STM8S105C6-Board.hex in PROGRAM MEMORY image in computer
<<< Loading file succeeds

>>> Programming PROGRAM MEMORY
<<< Programming PROGRAM MEMORY succeeds

>>> Verifying PROGRAM MEMORY
<<< Verifying PROGRAM MEMORY succeeds
----------------------------------------------------------
new log session
date:				06/13/16
time:				16:33:21
----------------------------------------------------------
STVP_CmdLine version 1.6

Verbose ON
Log activity ON
Display Progress OFF
Message box warning if protect option byte ON
Loop mode OFF
Erase device OFF
Blank check device OFF
Verify device ON

Configuration:
BoardName=ST-LINK ST-LINK_ID=0 Device=STM8S105x6 Port=USB ProgMode=SWIM

>>> Filling PROGRAM MEMORY image in computer with Blank Value
<<< Filling PROGRAM MEMORY image in computer succeeds

>>> Loading file C:\Users\Fabien\Desktop\test_stm8_iar\STM8S105C6-Board.hex in PROGRAM MEMORY image in computer
<<< Loading file succeeds

>>> Programming PROGRAM MEMORY
<<< Programming PROGRAM MEMORY succeeds

>>> Verifying PROGRAM MEMORY
<<< Verifying PROGRAM MEMORY succeeds
----------------------------------------------------------
new log session
date:				06/13/16
time:				16:36:01
----------------------------------------------------------
STVP_CmdLine version 1.6

Verbose ON
Log activity ON
Display Progress OFF
Message box warning if protect option byte ON
Loop mode OFF
Erase device OFF
Blank check device OFF
Verify device ON

Configuration:
BoardName=ST-LINK ST-LINK_ID=0 Device=STM8S105x6 Port=USB ProgMode=SWIM

>>> Filling PROGRAM MEMORY image in computer with Blank Value
<<< Filling PROGRAM MEMORY image in computer succeeds

>>> Loading file C:\Users\Fabien\Desktop\test_stm8_iar\STM8S105C6-Board.hex in PROGRAM MEMORY image in computer
<<< Loading file succeeds

>>> Programming PROGRAM MEMORY
<<< Programming PROGRAM MEMORY succeeds

>>> Verifying PROGRAM MEMORY
<<< Verifying PROGRAM MEMORY succeeds
